2022-06-10 02:20:13.287  INFO 7832 --- [main] c.b.a.AddressBookAppApplication          : Starting AddressBookAppApplication using Java 11.0.15 on DESKTOP-F0VCATA with PID 7832 (E:\CFP\SpringBootProjects\addressBookApp\target\classes started by Ritesh in E:\CFP\SpringBootProjects\addressBookApp)
2022-06-10 02:20:13.302 DEBUG 7832 --- [main] c.b.a.AddressBookAppApplication          : Running with Spring Boot v2.7.0, Spring v5.3.20
2022-06-10 02:20:13.304  INFO 7832 --- [main] c.b.a.AddressBookAppApplication          : No active profile set, falling back to 1 default profile: "default"
2022-06-10 02:20:28.379  WARN 7832 --- [main] JpaBaseConfiguration$JpaWebConfiguration : spring.jpa.open-in-view is enabled by default. Therefore, database queries may be performed during view rendering. Explicitly configure spring.jpa.open-in-view to disable this warning
2022-06-10 02:20:30.370  INFO 7832 --- [main] c.b.a.AddressBookAppApplication          : Started AddressBookAppApplication in 19.081 seconds (JVM running for 20.89)
2022-06-10 02:20:30.381  INFO 7832 --- [main] c.b.a.AddressBookAppApplication          : Addressbook App started
2022-06-10 03:01:51.916  INFO 10224 --- [main] c.b.a.AddressBookAppApplication          : Starting AddressBookAppApplication using Java 11.0.15 on DESKTOP-F0VCATA with PID 10224 (E:\CFP\SpringBootProjects\addressBookApp\target\classes started by Ritesh in E:\CFP\SpringBootProjects\addressBookApp)
2022-06-10 03:01:51.929 DEBUG 10224 --- [main] c.b.a.AddressBookAppApplication          : Running with Spring Boot v2.7.0, Spring v5.3.20
2022-06-10 03:01:51.933  INFO 10224 --- [main] c.b.a.AddressBookAppApplication          : The following 1 profile is active: "DEV"
2022-06-10 03:02:02.063  WARN 10224 --- [main] JpaBaseConfiguration$JpaWebConfiguration : spring.jpa.open-in-view is enabled by default. Therefore, database queries may be performed during view rendering. Explicitly configure spring.jpa.open-in-view to disable this warning
2022-06-10 03:02:03.479  INFO 10224 --- [main] c.b.a.AddressBookAppApplication          : Started AddressBookAppApplication in 13.015 seconds (JVM running for 14.626)
2022-06-10 03:02:03.489  INFO 10224 --- [main] c.b.a.AddressBookAppApplication          : Addressbook App Started in DEV Environment
2022-06-10 03:02:03.498  INFO 10224 --- [main] c.b.a.AddressBookAppApplication          : Employee Payroll DB User is root
2022-06-10 03:02:03.500  INFO 10224 --- [main] c.b.a.AddressBookAppApplication          : Addressbook App started
2022-06-10 11:51:13.889  INFO 9072 --- [main] c.b.a.AddressBookAppApplication          : Starting AddressBookAppApplication using Java 11.0.15 on DESKTOP-F0VCATA with PID 9072 (E:\CFP\SpringBootProjects\addressBookApp\target\classes started by Ritesh in E:\CFP\SpringBootProjects\addressBookApp)
2022-06-10 11:51:13.904 DEBUG 9072 --- [main] c.b.a.AddressBookAppApplication          : Running with Spring Boot v2.7.0, Spring v5.3.20
2022-06-10 11:51:13.905  INFO 9072 --- [main] c.b.a.AddressBookAppApplication          : The following 1 profile is active: "DEV"
2022-06-10 11:51:25.841  WARN 9072 --- [main] JpaBaseConfiguration$JpaWebConfiguration : spring.jpa.open-in-view is enabled by default. Therefore, database queries may be performed during view rendering. Explicitly configure spring.jpa.open-in-view to disable this warning
2022-06-10 11:51:27.444  INFO 9072 --- [main] c.b.a.AddressBookAppApplication          : Started AddressBookAppApplication in 15.417 seconds (JVM running for 17.857)
2022-06-10 11:51:27.452  INFO 9072 --- [main] c.b.a.AddressBookAppApplication          : Addressbook App Started in DEV Environment
2022-06-10 11:51:27.466  INFO 9072 --- [main] c.b.a.AddressBookAppApplication          : Address Book DB User is root
2022-06-10 11:51:27.467  INFO 9072 --- [main] c.b.a.AddressBookAppApplication          : Addressbook App started
2022-06-10 12:06:59.609  INFO 6004 --- [main] c.b.a.AddressBookAppApplication          : Starting AddressBookAppApplication using Java 11.0.15 on DESKTOP-F0VCATA with PID 6004 (E:\CFP\SpringBootProjects\addressBookApp\target\classes started by Ritesh in E:\CFP\SpringBootProjects\addressBookApp)
2022-06-10 12:06:59.618 DEBUG 6004 --- [main] c.b.a.AddressBookAppApplication          : Running with Spring Boot v2.7.0, Spring v5.3.20
2022-06-10 12:06:59.621  INFO 6004 --- [main] c.b.a.AddressBookAppApplication          : The following 1 profile is active: "DEV"
2022-06-10 12:07:08.985  WARN 6004 --- [main] JpaBaseConfiguration$JpaWebConfiguration : spring.jpa.open-in-view is enabled by default. Therefore, database queries may be performed during view rendering. Explicitly configure spring.jpa.open-in-view to disable this warning
2022-06-10 12:07:10.311  INFO 6004 --- [main] c.b.a.AddressBookAppApplication          : Started AddressBookAppApplication in 12.13 seconds (JVM running for 13.847)
2022-06-10 12:07:10.320  INFO 6004 --- [main] c.b.a.AddressBookAppApplication          : Addressbook App Started in DEV Environment
2022-06-10 12:07:10.326  INFO 6004 --- [main] c.b.a.AddressBookAppApplication          : Address Book DB User is root
2022-06-10 12:07:10.327  INFO 6004 --- [main] c.b.a.AddressBookAppApplication          : Addressbook App started
